<?xml version="1.0" encoding="UTF-8"?>
<!-- Generated by org.testng.reporters.JUnitReportReporter -->
<testsuite hostname="DESKTOP-73KKMKP" failures="0" tests="1" name="internet.DynamicContent" time="1.920" errors="0" timestamp="2024-07-26T09:59:19 EDT" skipped="0">
  <testcase classname="internet.DynamicContent" name="DragandDrop" time="1.920"/>
</testsuite> <!-- internet.DynamicContent -->
