<?xml version="1.0" encoding="UTF-8"?>
<!-- Generated by org.testng.reporters.JUnitReportReporter -->
<testsuite hostname="DESKTOP-73KKMKP" failures="0" tests="1" name="internet.JavaScrpitError" time="3.299" errors="0" timestamp="2024-07-31T09:11:01 EDT" skipped="0">
  <testcase classname="internet.JavaScrpitError" name="JavaScriptErrors" time="3.299"/>
</testsuite> <!-- internet.JavaScrpitError -->
