<?xml version="1.0" encoding="UTF-8"?>
<!-- Generated by org.testng.reporters.JUnitReportReporter -->
<testsuite hostname="DESKTOP-73KKMKP" failures="0" tests="1" name="internet.Frames" time="2.660" errors="0" timestamp="2024-07-26T11:55:18 EDT" skipped="0">
  <testcase classname="internet.Frames" name="testFrames" time="2.660"/>
</testsuite> <!-- internet.Frames -->
