<?xml version="1.0" encoding="UTF-8"?>
<!-- Generated by org.testng.reporters.JUnitReportReporter -->
<testsuite hostname="DESKTOP-73KKMKP" failures="0" tests="5" name="internet.Shifting_COntent" time="0.755" errors="0" timestamp="2024-07-26T09:59:19 EDT" skipped="0">
  <testcase classname="internet.Shifting_COntent" name="CLick_Portfolio" time="0.153"/>
  <testcase classname="internet.Shifting_COntent" name="Click_Gallery" time="0.140"/>
  <testcase classname="internet.Shifting_COntent" name="click_COntact" time="0.128"/>
  <testcase classname="internet.Shifting_COntent" name="click_About" time="0.147"/>
  <testcase classname="internet.Shifting_COntent" name="click_Home" time="0.187"/>
</testsuite> <!-- internet.Shifting_COntent -->
