<?xml version="1.0" encoding="UTF-8"?>
<!-- Generated by org.testng.reporters.JUnitReportReporter -->
<testsuite hostname="DESKTOP-73KKMKP" failures="0" tests="1" name="internet.GeoLocation" time="4.293" errors="0" timestamp="2024-08-01T14:16:26 EDT" skipped="0">
  <testcase classname="internet.GeoLocation" name="testGeoLocation" time="4.293"/>
</testsuite> <!-- internet.GeoLocation -->
