<?xml version="1.0" encoding="UTF-8"?>
<!-- Generated by org.testng.reporters.JUnitReportReporter -->
<testsuite hostname="DESKTOP-73KKMKP" failures="0" tests="1" name="internet.Challenging_DOM" time="10.137" errors="0" timestamp="2024-07-26T09:59:19 EDT" skipped="0">
  <testcase classname="internet.Challenging_DOM" name="testElement" time="10.137"/>
</testsuite> <!-- internet.Challenging_DOM -->
