<?xml version="1.0" encoding="UTF-8"?>
<!-- Generated by org.testng.reporters.JUnitReportReporter -->
<testsuite hostname="DESKTOP-73KKMKP" failures="0" tests="1" name="internet.OffsetWindow" time="5.142" errors="0" timestamp="2024-08-01T15:27:08 EDT" skipped="0">
  <testcase classname="internet.OffsetWindow" name="OffsetWindow" time="5.142"/>
</testsuite> <!-- internet.OffsetWindow -->
