<?xml version="1.0" encoding="UTF-8"?>
<!-- Generated by org.testng.reporters.JUnitReportReporter -->
<testsuite hostname="DESKTOP-73KKMKP" failures="0" tests="1" name="internet.Rediraction" time="4.613" errors="0" timestamp="2024-07-26T10:27:46 EDT" skipped="0">
  <testcase classname="internet.Rediraction" name="redirect" time="4.613"/>
</testsuite> <!-- internet.Rediraction -->
