<?xml version="1.0" encoding="UTF-8"?>
<!-- Generated by org.testng.reporters.JUnitReportReporter -->
<testsuite hostname="DESKTOP-73KKMKP" failures="0" tests="1" name="internet.Status_Code" time="3.113" errors="0" timestamp="2024-07-26T09:59:19 EDT" skipped="0">
  <testcase classname="internet.Status_Code" name="TestStatusCode" time="3.113"/>
</testsuite> <!-- internet.Status_Code -->
