<?xml version="1.0" encoding="UTF-8"?>
<!-- Generated by org.testng.reporters.JUnitReportReporter -->
<testsuite hostname="DESKTOP-73KKMKP" failures="0" tests="1" name="internet.MouseActions" time="3.545" errors="0" timestamp="2024-07-31T14:42:09 EDT" skipped="0">
  <testcase classname="internet.MouseActions" name="MouseActions" time="3.545"/>
</testsuite> <!-- internet.MouseActions -->
