<?xml version="1.0" encoding="UTF-8"?>
<!-- Generated by org.testng.reporters.JUnitReportReporter -->
<testsuite hostname="DESKTOP-73KKMKP" failures="0" tests="1" name="internet.Basic_Auth" time="1.866" errors="0" timestamp="2024-07-26T09:59:19 EDT" skipped="0">
  <testcase classname="internet.Basic_Auth" name="testElement" time="1.866"/>
</testsuite> <!-- internet.Basic_Auth -->
