<?xml version="1.0" encoding="UTF-8"?>
<!-- Generated by org.testng.reporters.JUnitReportReporter -->
<testsuite hostname="DESKTOP-73KKMKP" failures="0" tests="1" name="internet.UploadFile" time="0.309" errors="0" timestamp="2024-08-01T14:34:53 EDT" skipped="0">
  <testcase classname="internet.UploadFile" name="testUpload" time="0.309"/>
</testsuite> <!-- internet.UploadFile -->
