<?xml version="1.0" encoding="UTF-8"?>
<!-- Generated by org.testng.reporters.JUnitReportReporter -->
<testsuite hostname="DESKTOP-73KKMKP" failures="0" tests="3" name="internet.Hovers" time="1.339" errors="0" timestamp="2024-08-01T13:13:02 EDT" skipped="0">
  <testcase classname="internet.Hovers" name="testHovers3" time="0.419"/>
  <testcase classname="internet.Hovers" name="testHovers1" time="0.490"/>
  <testcase classname="internet.Hovers" name="testHovers2" time="0.430"/>
</testsuite> <!-- internet.Hovers -->
