<?xml version="1.0" encoding="UTF-8"?>
<!-- Generated by org.testng.reporters.JUnitReportReporter -->
<testsuite hostname="DESKTOP-73KKMKP" failures="0" tests="1" name="internet.Add_Remove_Element" time="6.442" errors="0" timestamp="2024-07-26T09:59:19 EDT" skipped="0">
  <testcase classname="internet.Add_Remove_Element" name="testElement" time="6.442"/>
</testsuite> <!-- internet.Add_Remove_Element -->
