<?xml version="1.0" encoding="UTF-8"?>
<!-- Generated by org.testng.reporters.JUnitReportReporter -->
<testsuite hostname="DESKTOP-73KKMKP" failures="0" tests="1" name="internet.SecureFileDownload" time="8.049" errors="0" timestamp="2024-07-26T10:05:17 EDT" skipped="0">
  <testcase classname="internet.SecureFileDownload" name="test" time="8.049"/>
</testsuite> <!-- internet.SecureFileDownload -->
