<?xml version="1.0" encoding="UTF-8"?>
<!-- Generated by org.testng.reporters.JUnitReportReporter -->
<testsuite hostname="DESKTOP-73KKMKP" failures="0" tests="1" name="internet.MultiWindow" time="9.017" errors="0" timestamp="2024-07-26T12:46:27 EDT" skipped="0">
  <testcase classname="internet.MultiWindow" name="testMultiWindow" time="9.017"/>
</testsuite> <!-- internet.MultiWindow -->
