<?xml version="1.0" encoding="UTF-8"?>
<!-- Generated by org.testng.reporters.JUnitReportReporter -->
<testsuite hostname="DESKTOP-73KKMKP" failures="0" tests="1" name="internet.DatePicker" time="1.707" errors="0" timestamp="2024-08-01T16:24:17 EDT" skipped="0">
  <testcase classname="internet.DatePicker" name="testDatePicker" time="1.707"/>
</testsuite> <!-- internet.DatePicker -->
