<?xml version="1.0" encoding="UTF-8"?>
<!-- Generated by org.testng.reporters.JUnitReportReporter -->
<testsuite hostname="DESKTOP-73KKMKP" failures="0" tests="1" name="internet.HorizontalSlider" time="2.520" errors="0" timestamp="2024-08-01T13:39:52 EDT" skipped="0">
  <testcase classname="internet.HorizontalSlider" name="testSlider" time="2.520"/>
</testsuite> <!-- internet.HorizontalSlider -->
