<?xml version="1.0" encoding="UTF-8"?>
<!-- Generated by org.testng.reporters.JUnitReportReporter -->
<testsuite hostname="DESKTOP-73KKMKP" failures="0" tests="3" name="internet.JavaScriptAlerts" time="0.253" errors="0" timestamp="2024-07-31T10:15:54 EDT" skipped="0">
  <testcase classname="internet.JavaScriptAlerts" name="testJSAlert" time="0.084"/>
  <testcase classname="internet.JavaScriptAlerts" name="testJSConfirm" time="0.071"/>
  <testcase classname="internet.JavaScriptAlerts" name="testJSPrompt" time="0.098"/>
</testsuite> <!-- internet.JavaScriptAlerts -->
