<?xml version="1.0" encoding="UTF-8"?>
<!-- Generated by org.testng.reporters.JUnitReportReporter -->
<testsuite hostname="DESKTOP-73KKMKP" failures="0" tests="1" name="internet.Notifications" time="8.387" errors="0" timestamp="2024-07-26T11:34:28 EDT" skipped="0">
  <testcase classname="internet.Notifications" name="redirect" time="8.387"/>
</testsuite> <!-- internet.Notifications -->
