<?xml version="1.0" encoding="UTF-8"?>
<!-- Generated by org.testng.reporters.JUnitReportReporter -->
<testsuite hostname="DESKTOP-73KKMKP" failures="0" tests="1" name="internet.Drag_Drop" time="5.820" errors="0" timestamp="2024-07-26T09:59:19 EDT" skipped="0">
  <testcase classname="internet.Drag_Drop" name="DragandDrop" time="5.820"/>
</testsuite> <!-- internet.Drag_Drop -->
